# JRE version: Java(TM) SE Runtime Environment (8.0_66-b17) (build 1.8.0_66-b17)
# Java VM: Java HotSpot(TM) 64-Bit Server VM (25.66-b17 mixed mode linux-amd64 compressed oops)
Heap:
 PSYoungGen      total 136704K, used 1735K [0x00000000f5900000, 0x0000000100000000, 0x0000000100000000)
  eden space 102400K, 0% used [0x00000000f5900000,0x00000000f5900000,0x00000000fbd00000)
  from space 34304K, 5% used [0x00000000fbd00000,0x00000000fbeb1c28,0x00000000fde80000)
  to   space 33792K, 0% used [0x00000000fdf00000,0x00000000fdf00000,0x0000000100000000)
 ParOldGen       total 102912K, used 102533K [0x00000000e0a00000, 0x00000000e6e80000, 0x00000000f5900000)
  object space 102912K, 99% used [0x00000000e0a00000,0x00000000e6e21528,0x00000000e6e80000)
 Metaspace       used 24011K, capacity 25996K, committed 26240K, reserved 1071104K
  class space    used 3220K, capacity 3608K, committed 3712K, reserved 1048576K
GC Heap History (10 events):
Event: 99.703 GC heap after
Heap after GC invocations=17 (full 3):
 PSYoungGen      total 146944K, used 16326K [0x00000000f5900000, 0x0000000100000000, 0x0000000100000000)
  eden space 126976K, 0% used [0x00000000f5900000,0x00000000f5900000,0x00000000fd500000)
  from space 19968K, 81% used [0x00000000fec80000,0x00000000ffc71b08,0x0000000100000000)
  to   space 22016K, 0% used [0x00000000fd500000,0x00000000fd500000,0x00000000fea80000)
 ParOldGen       total 78336K, used 48024K [0x00000000e0a00000, 0x00000000e5680000, 0x00000000f5900000)
  object space 78336K, 61% used [0x00000000e0a00000,0x00000000e38e6140,0x00000000e5680000)
 Metaspace       used 23824K, capacity 25848K, committed 25984K, reserved 1071104K
  class space    used 3218K, capacity 3608K, committed 3712K, reserved 1048576K
}
Event: 101.350 GC heap before
{Heap before GC invocations=18 (full 3):
 PSYoungGen      total 146944K, used 143302K [0x00000000f5900000, 0x0000000100000000, 0x0000000100000000)
  eden space 126976K, 100% used [0x00000000f5900000,0x00000000fd500000,0x00000000fd500000)
  from space 19968K, 81% used [0x00000000fec80000,0x00000000ffc71b08,0x0000000100000000)
  to   space 22016K, 0% used [0x00000000fd500000,0x00000000fd500000,0x00000000fea80000)
 ParOldGen       total 78336K, used 48024K [0x00000000e0a00000, 0x00000000e5680000, 0x00000000f5900000)
  object space 78336K, 61% used [0x00000000e0a00000,0x00000000e38e6140,0x00000000e5680000)
 Metaspace       used 23968K, capacity 25984K, committed 26240K, reserved 1071104K
  class space    used 3220K, capacity 3608K, committed 3712K, reserved 1048576K
Event: 101.463 GC heap after
Heap after GC invocations=18 (full 3):
 PSYoungGen      total 148992K, used 22001K [0x00000000f5900000, 0x0000000100000000, 0x0000000100000000)
  eden space 126976K, 0% used [0x00000000f5900000,0x00000000f5900000,0x00000000fd500000)
  from space 22016K, 99% used [0x00000000fd500000,0x00000000fea7c650,0x00000000fea80000)
  to   space 22016K, 0% used [0x00000000fea80000,0x00000000fea80000,0x0000000100000000)
 ParOldGen       total 78336K, used 64447K [0x00000000e0a00000, 0x00000000e5680000, 0x00000000f5900000)
  object space 78336K, 82% used [0x00000000e0a00000,0x00000000e48efc58,0x00000000e5680000)
 Metaspace       used 23968K, capacity 25984K, committed 26240K, reserved 1071104K
  class space    used 3220K, capacity 3608K, committed 3712K, reserved 1048576K
}
Event: 101.463 GC heap before
{Heap before GC invocations=19 (full 4):
 PSYoungGen      total 148992K, used 22001K [0x00000000f5900000, 0x0000000100000000, 0x0000000100000000)
  eden space 126976K, 0% used [0x00000000f5900000,0x00000000f5900000,0x00000000fd500000)
  from space 22016K, 99% used [0x00000000fd500000,0x00000000fea7c650,0x00000000fea80000)
  to   space 22016K, 0% used [0x00000000fea80000,0x00000000fea80000,0x0000000100000000)
 ParOldGen       total 78336K, used 64447K [0x00000000e0a00000, 0x00000000e5680000, 0x00000000f5900000)
  object space 78336K, 82% used [0x00000000e0a00000,0x00000000e48efc58,0x00000000e5680000)
 Metaspace       used 23968K, capacity 25984K, committed 26240K, reserved 1071104K
  class space    used 3220K, capacity 3608K, committed 3712K, reserved 1048576K
Event: 101.965 GC heap after
Heap after GC invocations=19 (full 4):
 PSYoungGen      total 148992K, used 0K [0x00000000f5900000, 0x0000000100000000, 0x0000000100000000)
  eden space 126976K, 0% used [0x00000000f5900000,0x00000000f5900000,0x00000000fd500000)
  from space 22016K, 0% used [0x00000000fd500000,0x00000000fd500000,0x00000000fea80000)
  to   space 22016K, 0% used [0x00000000fea80000,0x00000000fea80000,0x0000000100000000)
 ParOldGen       total 102912K, used 65190K [0x00000000e0a00000, 0x00000000e6e80000, 0x00000000f5900000)
  object space 102912K, 63% used [0x00000000e0a00000,0x00000000e49a98f0,0x00000000e6e80000)
 Metaspace       used 23968K, capacity 25984K, committed 26240K, reserved 1071104K
  class space    used 3220K, capacity 3608K, committed 3712K, reserved 1048576K
}
Event: 103.050 GC heap before
{Heap before GC invocations=20 (full 4):
 PSYoungGen      total 148992K, used 126976K [0x00000000f5900000, 0x0000000100000000, 0x0000000100000000)
  eden space 126976K, 100% used [0x00000000f5900000,0x00000000fd500000,0x00000000fd500000)
  from space 22016K, 0% used [0x00000000fd500000,0x00000000fd500000,0x00000000fea80000)
  to   space 22016K, 0% used [0x00000000fea80000,0x00000000fea80000,0x0000000100000000)
 ParOldGen       total 102912K, used 65190K [0x00000000e0a00000, 0x00000000e6e80000, 0x00000000f5900000)
  object space 102912K, 63% used [0x00000000e0a00000,0x00000000e49a98f0,0x00000000e6e80000)
 Metaspace       used 24007K, capacity 25996K, committed 26240K, reserved 1071104K
  class space    used 3220K, capacity 3608K, committed 3712K, reserved 1048576K
Event: 103.123 GC heap after
Heap after GC invocations=20 (full 4):
 PSYoungGen      total 124416K, used 22015K [0x00000000f5900000, 0x0000000100000000, 0x0000000100000000)
  eden space 102400K, 0% used [0x00000000f5900000,0x00000000f5900000,0x00000000fbd00000)
  from space 22016K, 99% used [0x00000000fea80000,0x00000000fffffe18,0x0000000100000000)
  to   space 34304K, 0% used [0x00000000fbd00000,0x00000000fbd00000,0x00000000fde80000)
 ParOldGen       total 102912K, used 65830K [0x00000000e0a00000, 0x00000000e6e80000, 0x00000000f5900000)
  object space 102912K, 63% used [0x00000000e0a00000,0x00000000e4a498f0,0x00000000e6e80000)
 Metaspace       used 24007K, capacity 25996K, committed 26240K, reserved 1071104K
  class space    used 3220K, capacity 3608K, committed 3712K, reserved 1048576K
}
Event: 103.948 GC heap before
{Heap before GC invocations=21 (full 4):
 PSYoungGen      total 124416K, used 124415K [0x00000000f5900000, 0x0000000100000000, 0x0000000100000000)
  eden space 102400K, 100% used [0x00000000f5900000,0x00000000fbd00000,0x00000000fbd00000)
  from space 22016K, 99% used [0x00000000fea80000,0x00000000fffffe18,0x0000000100000000)
  to   space 34304K, 0% used [0x00000000fbd00000,0x00000000fbd00000,0x00000000fde80000)
 ParOldGen       total 102912K, used 65830K [0x00000000e0a00000, 0x00000000e6e80000, 0x00000000f5900000)
  object space 102912K, 63% used [0x00000000e0a00000,0x00000000e4a498f0,0x00000000e6e80000)
 Metaspace       used 24011K, capacity 25996K, committed 26240K, reserved 1071104K
  class space    used 3220K, capacity 3608K, committed 3712K, reserved 1048576K
Event: 104.091 GC heap after
Heap after GC invocations=21 (full 4):
 PSYoungGen      total 136704K, used 17119K [0x00000000f5900000, 0x0000000100000000, 0x0000000100000000)
  eden space 102400K, 0% used [0x00000000f5900000,0x00000000f5900000,0x00000000fbd00000)
  from space 34304K, 49% used [0x00000000fbd00000,0x00000000fcdb7d18,0x00000000fde80000)
  to   space 33792K, 0% used [0x00000000fdf00000,0x00000000fdf00000,0x0000000100000000)
 ParOldGen       total 102912K, used 87526K [0x00000000e0a00000, 0x00000000e6e80000, 0x00000000f5900000)
  object space 102912K, 85% used [0x00000000e0a00000,0x00000000e5f798f0,0x00000000e6e80000)
 Metaspace       used 24011K, capacity 25996K, committed 26240K, reserved 1071104K
  class space    used 3220K, capacity 3608K, committed 3712K, reserved 1048576K
}
Event: 104.091 GC heap before
{Heap before GC invocations=22 (full 5):
 PSYoungGen      total 136704K, used 17119K [0x00000000f5900000, 0x0000000100000000, 0x0000000100000000)
  eden space 102400K, 0% used [0x00000000f5900000,0x00000000f5900000,0x00000000fbd00000)
  from space 34304K, 49% used [0x00000000fbd00000,0x00000000fcdb7d18,0x00000000fde80000)
  to   space 33792K, 0% used [0x00000000fdf00000,0x00000000fdf00000,0x0000000100000000)
 ParOldGen       total 102912K, used 87526K [0x00000000e0a00000, 0x00000000e6e80000, 0x00000000f5900000)
  object space 102912K, 85% used [0x00000000e0a00000,0x00000000e5f798f0,0x00000000e6e80000)
 Metaspace       used 24011K, capacity 25996K, committed 26240K, reserved 1071104K
  class space    used 3220K, capacity 3608K, committed 3712K, reserved 1048576K

