# JRE version: Java(TM) SE Runtime Environment (8.0_66-b17) (build 1.8.0_66-b17)
# Java VM: Java HotSpot(TM) 64-Bit Server VM (25.66-b17 mixed mode linux-amd64 compressed oops)
Heap:
 PSYoungGen      total 105984K, used 21145K [0x00000000f5900000, 0x0000000100000000, 0x0000000100000000)
  eden space 68608K, 0% used [0x00000000f5900000,0x00000000f5900000,0x00000000f9c00000)
  from space 37376K, 56% used [0x00000000fdb80000,0x00000000ff026638,0x0000000100000000)
  to   space 51200K, 0% used [0x00000000f9c00000,0x00000000f9c00000,0x00000000fce00000)
 ParOldGen       total 56320K, used 56279K [0x00000000e0a00000, 0x00000000e4100000, 0x00000000f5900000)
  object space 56320K, 99% used [0x00000000e0a00000,0x00000000e40f5ed8,0x00000000e4100000)
 Metaspace       used 34774K, capacity 37848K, committed 38064K, reserved 1081344K
  class space    used 4748K, capacity 5453K, committed 5552K, reserved 1048576K
GC Heap History (10 events):
Event: 815.234 GC heap after
Heap after GC invocations=47 (full 3):
 PSYoungGen      total 133120K, used 10186K [0x00000000f5900000, 0x00000000fff00000, 0x0000000100000000)
  eden space 97280K, 0% used [0x00000000f5900000,0x00000000f5900000,0x00000000fb800000)
  from space 35840K, 28% used [0x00000000fdc00000,0x00000000fe5f2bc8,0x00000000fff00000)
  to   space 36352K, 0% used [0x00000000fb800000,0x00000000fb800000,0x00000000fdb80000)
 ParOldGen       total 52736K, used 36127K [0x00000000e0a00000, 0x00000000e3d80000, 0x00000000f5900000)
  object space 52736K, 68% used [0x00000000e0a00000,0x00000000e2d47c50,0x00000000e3d80000)
 Metaspace       used 34681K, capacity 37796K, committed 38064K, reserved 1081344K
  class space    used 4747K, capacity 5457K, committed 5552K, reserved 1048576K
}
Event: 907.723 GC heap before
{Heap before GC invocations=48 (full 3):
 PSYoungGen      total 133120K, used 107466K [0x00000000f5900000, 0x00000000fff00000, 0x0000000100000000)
  eden space 97280K, 100% used [0x00000000f5900000,0x00000000fb800000,0x00000000fb800000)
  from space 35840K, 28% used [0x00000000fdc00000,0x00000000fe5f2bc8,0x00000000fff00000)
  to   space 36352K, 0% used [0x00000000fb800000,0x00000000fb800000,0x00000000fdb80000)
 ParOldGen       total 52736K, used 36127K [0x00000000e0a00000, 0x00000000e3d80000, 0x00000000f5900000)
  object space 52736K, 68% used [0x00000000e0a00000,0x00000000e2d47c50,0x00000000e3d80000)
 Metaspace       used 34693K, capacity 37802K, committed 38064K, reserved 1081344K
  class space    used 4748K, capacity 5458K, committed 5552K, reserved 1048576K
Event: 907.806 GC heap after
Heap after GC invocations=48 (full 3):
 PSYoungGen      total 133632K, used 19218K [0x00000000f5900000, 0x00000000ffd80000, 0x0000000100000000)
  eden space 97280K, 0% used [0x00000000f5900000,0x00000000f5900000,0x00000000fb800000)
  from space 36352K, 52% used [0x00000000fb800000,0x00000000fcac4b58,0x00000000fdb80000)
  to   space 34816K, 0% used [0x00000000fdb80000,0x00000000fdb80000,0x00000000ffd80000)
 ParOldGen       total 52736K, used 36127K [0x00000000e0a00000, 0x00000000e3d80000, 0x00000000f5900000)
  object space 52736K, 68% used [0x00000000e0a00000,0x00000000e2d47c50,0x00000000e3d80000)
 Metaspace       used 34693K, capacity 37802K, committed 38064K, reserved 1081344K
  class space    used 4748K, capacity 5458K, committed 5552K, reserved 1048576K
}
Event: 958.951 GC heap before
{Heap before GC invocations=49 (full 3):
 PSYoungGen      total 133632K, used 116498K [0x00000000f5900000, 0x00000000ffd80000, 0x0000000100000000)
  eden space 97280K, 100% used [0x00000000f5900000,0x00000000fb800000,0x00000000fb800000)
  from space 36352K, 52% used [0x00000000fb800000,0x00000000fcac4b58,0x00000000fdb80000)
  to   space 34816K, 0% used [0x00000000fdb80000,0x00000000fdb80000,0x00000000ffd80000)
 ParOldGen       total 52736K, used 36127K [0x00000000e0a00000, 0x00000000e3d80000, 0x00000000f5900000)
  object space 52736K, 68% used [0x00000000e0a00000,0x00000000e2d47c50,0x00000000e3d80000)
 Metaspace       used 34729K, capacity 37866K, committed 38064K, reserved 1081344K
  class space    used 4748K, capacity 5458K, committed 5552K, reserved 1048576K
Event: 959.081 GC heap after
Heap after GC invocations=49 (full 3):
 PSYoungGen      total 134144K, used 11240K [0x00000000f5900000, 0x00000000ffd80000, 0x0000000100000000)
  eden space 99328K, 0% used [0x00000000f5900000,0x00000000f5900000,0x00000000fba00000)
  from space 34816K, 32% used [0x00000000fdb80000,0x00000000fe67a398,0x00000000ffd80000)
  to   space 34304K, 0% used [0x00000000fba00000,0x00000000fba00000,0x00000000fdb80000)
 ParOldGen       total 52736K, used 36391K [0x00000000e0a00000, 0x00000000e3d80000, 0x00000000f5900000)
  object space 52736K, 69% used [0x00000000e0a00000,0x00000000e2d89c60,0x00000000e3d80000)
 Metaspace       used 34729K, capacity 37866K, committed 38064K, reserved 1081344K
  class space    used 4748K, capacity 5458K, committed 5552K, reserved 1048576K
}
Event: 989.072 GC heap before
{Heap before GC invocations=50 (full 3):
 PSYoungGen      total 134144K, used 110568K [0x00000000f5900000, 0x00000000ffd80000, 0x0000000100000000)
  eden space 99328K, 100% used [0x00000000f5900000,0x00000000fba00000,0x00000000fba00000)
  from space 34816K, 32% used [0x00000000fdb80000,0x00000000fe67a398,0x00000000ffd80000)
  to   space 34304K, 0% used [0x00000000fba00000,0x00000000fba00000,0x00000000fdb80000)
 ParOldGen       total 52736K, used 36391K [0x00000000e0a00000, 0x00000000e3d80000, 0x00000000f5900000)
  object space 52736K, 69% used [0x00000000e0a00000,0x00000000e2d89c60,0x00000000e3d80000)
 Metaspace       used 34797K, capacity 37900K, committed 38064K, reserved 1081344K
  class space    used 4756K, capacity 5467K, committed 5552K, reserved 1048576K
Event: 989.268 GC heap after
Heap after GC invocations=50 (full 3):
 PSYoungGen      total 133632K, used 34302K [0x00000000f5900000, 0x0000000100000000, 0x0000000100000000)
  eden space 99328K, 0% used [0x00000000f5900000,0x00000000f5900000,0x00000000fba00000)
  from space 34304K, 99% used [0x00000000fba00000,0x00000000fdb7fad0,0x00000000fdb80000)
  to   space 37376K, 0% used [0x00000000fdb80000,0x00000000fdb80000,0x0000000100000000)
 ParOldGen       total 52736K, used 37679K [0x00000000e0a00000, 0x00000000e3d80000, 0x00000000f5900000)
  object space 52736K, 71% used [0x00000000e0a00000,0x00000000e2ecbf78,0x00000000e3d80000)
 Metaspace       used 34797K, capacity 37900K, committed 38064K, reserved 1081344K
  class space    used 4756K, capacity 5467K, committed 5552K, reserved 1048576K
}
Event: 991.978 GC heap before
{Heap before GC invocations=51 (full 3):
 PSYoungGen      total 133632K, used 133568K [0x00000000f5900000, 0x0000000100000000, 0x0000000100000000)
  eden space 99328K, 99% used [0x00000000f5900000,0x00000000fb9f0768,0x00000000fba00000)
  from space 34304K, 99% used [0x00000000fba00000,0x00000000fdb7fad0,0x00000000fdb80000)
  to   space 37376K, 0% used [0x00000000fdb80000,0x00000000fdb80000,0x0000000100000000)
 ParOldGen       total 52736K, used 37679K [0x00000000e0a00000, 0x00000000e3d80000, 0x00000000f5900000)
  object space 52736K, 71% used [0x00000000e0a00000,0x00000000e2ecbf78,0x00000000e3d80000)
 Metaspace       used 34805K, capacity 37900K, committed 38064K, reserved 1081344K
  class space    used 4756K, capacity 5467K, committed 5552K, reserved 1048576K
Event: 992.031 GC heap after
Heap after GC invocations=51 (full 3):
 PSYoungGen      total 105984K, used 37370K [0x00000000f5900000, 0x0000000100000000, 0x0000000100000000)
  eden space 68608K, 0% used [0x00000000f5900000,0x00000000f5900000,0x00000000f9c00000)
  from space 37376K, 99% used [0x00000000fdb80000,0x00000000ffffeb88,0x0000000100000000)
  to   space 51200K, 0% used [0x00000000f9c00000,0x00000000f9c00000,0x00000000fce00000)
 ParOldGen       total 56320K, used 56228K [0x00000000e0a00000, 0x00000000e4100000, 0x00000000f5900000)
  object space 56320K, 99% used [0x00000000e0a00000,0x00000000e40e9148,0x00000000e4100000)
 Metaspace       used 34805K, capacity 37900K, committed 38064K, reserved 1081344K
  class space    used 4756K, capacity 5467K, committed 5552K, reserved 1048576K
}
Event: 992.031 GC heap before
{Heap before GC invocations=52 (full 4):
 PSYoungGen      total 105984K, used 37370K [0x00000000f5900000, 0x0000000100000000, 0x0000000100000000)
  eden space 68608K, 0% used [0x00000000f5900000,0x00000000f5900000,0x00000000f9c00000)
  from space 37376K, 99% used [0x00000000fdb80000,0x00000000ffffeb88,0x0000000100000000)
  to   space 51200K, 0% used [0x00000000f9c00000,0x00000000f9c00000,0x00000000fce00000)
 ParOldGen       total 56320K, used 56228K [0x00000000e0a00000, 0x00000000e4100000, 0x00000000f5900000)
  object space 56320K, 99% used [0x00000000e0a00000,0x00000000e40e9148,0x00000000e4100000)
 Metaspace       used 34805K, capacity 37900K, committed 38064K, reserved 1081344K
  class space    used 4756K, capacity 5467K, committed 5552K, reserved 1048576K

